<?xml version="1.0" encoding="UTF-8"?>
<!-- Generated by org.testng.reporters.JUnitReportReporter -->
<testsuite hostname="Sarah-PC" failures="0" tests="1" name="noon_exam" time="54.581" errors="0" timestamp="2021-08-19T15:46:16 AST" skipped="0">
  <testcase classname="noon_exam" name="noonTest" time="54.581"/>
  <system-out>
    <![CDATA[The browser is opened now
The browser is maximized
The noon website is opened now
Searched for an item and click enter
Clicked on a laptop
Added item to the cart
Clicked on checkout button
Clicked on buy button
Entered an email
Entered a pass
Clicked on sign in button
Clicked on Continue button
Clicked on add new card button
Entered wrong card number]]>
  </system-out>
</testsuite> <!-- noon_exam -->
