<?xml version="1.0" encoding="UTF-8"?>
<!-- Generated by org.testng.reporters.JUnitReportReporter -->
<testsuite hostname="Sarah-PC" failures="0" tests="1" name="annTestNG" time="9.649" errors="0" timestamp="2021-07-26T09:50:54 AST" skipped="0">
  <testcase classname="annTestNG" name="testLogin" time="9.649"/>
  <system-out/>
</testsuite> <!-- annTestNG -->
