<?xml version="1.0" encoding="UTF-8"?>
<!-- Generated by org.testng.reporters.JUnitReportReporter -->
<testsuite hostname="Sarah-PC" failures="0" tests="2" name="CrossBrowserScript" time="15.534" errors="0" timestamp="2021-07-26T12:00:53 AST" skipped="0">
  <testcase classname="CrossBrowserScript" name="testParameterWithXML" time="8.068"/>
  <system-out/>
  <testcase classname="CrossBrowserScript" name="testParameterWithXML" time="7.466"/>
  <system-out/>
</testsuite> <!-- CrossBrowserScript -->
