<?xml version="1.0" encoding="UTF-8"?>
<!-- Generated by org.testng.reporters.JUnitReportReporter -->
<testsuite hostname="Sarah-PC" failures="0" tests="1" name="TestNG1" time="8.094" errors="0" timestamp="2021-07-26T10:14:02 AST" skipped="0">
  <testcase classname="TestNG1" name="testGoogle" time="8.094"/>
  <system-out>
    <![CDATA[The browser is opened now
The browser is maximized
The google website is opened now
The data "Hello" is entered]]>
  </system-out>
</testsuite> <!-- TestNG1 -->
